Build started 2014-06-16 22:11:17.
     1>Project "C:\Users\Tomek\documents\visual studio 2013\Projects\Rownolegle\Rownolegle\Rownolegle.vcxproj" on node 2 (Build target(s)).
     1>ClCompile:
         C:\Program Files (x86)\Microsoft Visual Studio 12.0\VC\bin\x86_amd64\CL.exe /c /I"C:\Program Files (x86)\AMD APP SDK\2.9\include" /Zi /nologo /W3 /WX- /sdl /Od /D _MBCS /Gm /EHsc /RTC1 /MDd /GS /fp:precise /Zc:wchar_t /Zc:forScope /Fo"x64\Debug\\" /Fd"x64\Debug\vc120.pdb" /Gd /TP /errorReport:prompt Main.cpp
         Main.cpp
     1>Main.cpp(12): warning C4305: 'initializing' : truncation from 'double' to 'const float'
     1>Main.cpp(118): warning C4267: '=' : conversion from 'size_t' to 'cl_int', possible loss of data
     1>Main.cpp(143): warning C4244: '=' : conversion from 'float' to 'int', possible loss of data
     1>Main.cpp(144): warning C4244: '=' : conversion from 'float' to 'int', possible loss of data
     1>Main.cpp(163): warning C4267: '=' : conversion from 'size_t' to 'cl_int', possible loss of data
     1>Main.cpp(168): warning C4244: 'initializing' : conversion from 'const float' to 'cl_int', possible loss of data
       Link:
         C:\Program Files (x86)\Microsoft Visual Studio 12.0\VC\bin\x86_amd64\link.exe /ERRORREPORT:PROMPT /OUT:"C:\Users\Tomek\documents\visual studio 2013\Projects\Rownolegle\x64\Debug\Rownolegle.exe" /INCREMENTAL /NOLOGO /LIBPATH:"C:\Users\Tomek\Documents\Visual Studio 2013\Projects\Rownolegle\Rownolegle\AMD APP SDK\2.9\lib\x86_64" OpenCL.lib kernel32.lib user32.lib gdi32.lib winspool.lib comdlg32.lib advapi32.lib shell32.lib ole32.lib oleaut32.lib uuid.lib odbc32.lib odbccp32.lib /MANIFEST /MANIFESTUAC:"level='asInvoker' uiAccess='false'" /manifest:embed /DEBUG /PDB:"C:\Users\Tomek\documents\visual studio 2013\Projects\Rownolegle\x64\Debug\Rownolegle.pdb" /TLBID:1 /DYNAMICBASE /NXCOMPAT /IMPLIB:"C:\Users\Tomek\documents\visual studio 2013\Projects\Rownolegle\x64\Debug\Rownolegle.lib" /MACHINE:X64 x64\Debug\Element.obj
         x64\Debug\Main.obj
         x64\Debug\Node.obj
         x64\Debug\Point.obj
         Rownolegle.vcxproj -> C:\Users\Tomek\documents\visual studio 2013\Projects\Rownolegle\x64\Debug\Rownolegle.exe
     1>Done Building Project "C:\Users\Tomek\documents\visual studio 2013\Projects\Rownolegle\Rownolegle\Rownolegle.vcxproj" (Build target(s)).

Build succeeded.

Time Elapsed 00:00:01.29
